-------------------------------------------------------------------------------
Test set: DTO.ItemDTOTest
-------------------------------------------------------------------------------
Tests run: 1, Failures: 1, Errors: 0, Skipped: 0, Time elapsed: 0.011 sec <<< FAILURE!
DTO.ItemDTOTest.testGetItemIdentifier()  Time elapsed: 0.011 sec  <<< FAILURE!
java.lang.NullPointerException: Cannot invoke "DTO.ItemDTO.getItemIdentifier()" because "instance" is null
	at DTO.ItemDTOTest.testGetItemIdentifier(ItemDTOTest.java:31)

